<?xml version="1.0" encoding="utf-8"?><testsuites><testsuite name="pytest" errors="0" failures="0" skipped="0" tests="2" time="37.740" timestamp="2023-07-14T18:38:35.618149" hostname="MBP-2FF6K5MD6P-0144.local"><testcase classname="test_dir.test_baidu.TestSearch" name="test_baidu_search_case" time="31.740" /><testcase classname="test_dir.test_baidu.TestSearchSettings" name="test_baidu_search_setting" time="5.657" /></testsuite></testsuites>